[ 2025-11-30 21:44:13,711 ] asyncio - DEBUG - Using proactor: IocpProactor
[ 2025-11-30 21:44:23,925 ] python_multipart.multipart - DEBUG - Calling on_field_start with no data
[ 2025-11-30 21:44:23,926 ] python_multipart.multipart - DEBUG - Calling on_field_name with data[0:6]
[ 2025-11-30 21:44:23,927 ] python_multipart.multipart - DEBUG - Calling on_field_data with data[7:8]
[ 2025-11-30 21:44:23,928 ] python_multipart.multipart - DEBUG - Calling on_field_end with no data
[ 2025-11-30 21:44:23,929 ] python_multipart.multipart - DEBUG - Calling on_field_start with no data
[ 2025-11-30 21:44:23,930 ] python_multipart.multipart - DEBUG - Calling on_field_name with data[9:12]
[ 2025-11-30 21:44:23,932 ] python_multipart.multipart - DEBUG - Calling on_field_data with data[13:15]
[ 2025-11-30 21:44:23,945 ] python_multipart.multipart - DEBUG - Calling on_field_end with no data
[ 2025-11-30 21:44:23,949 ] python_multipart.multipart - DEBUG - Calling on_field_start with no data
[ 2025-11-30 21:44:23,951 ] python_multipart.multipart - DEBUG - Calling on_field_name with data[16:31]
[ 2025-11-30 21:44:23,953 ] python_multipart.multipart - DEBUG - Calling on_field_data with data[32:33]
[ 2025-11-30 21:44:23,954 ] python_multipart.multipart - DEBUG - Calling on_field_end with no data
[ 2025-11-30 21:44:23,956 ] python_multipart.multipart - DEBUG - Calling on_field_start with no data
[ 2025-11-30 21:44:23,957 ] python_multipart.multipart - DEBUG - Calling on_field_name with data[34:45]
[ 2025-11-30 21:44:23,958 ] python_multipart.multipart - DEBUG - Calling on_field_data with data[46:48]
[ 2025-11-30 21:44:23,958 ] python_multipart.multipart - DEBUG - Calling on_field_end with no data
[ 2025-11-30 21:44:23,959 ] python_multipart.multipart - DEBUG - Calling on_field_start with no data
[ 2025-11-30 21:44:23,960 ] python_multipart.multipart - DEBUG - Calling on_field_name with data[49:67]
[ 2025-11-30 21:44:23,960 ] python_multipart.multipart - DEBUG - Calling on_field_data with data[68:69]
[ 2025-11-30 21:44:23,961 ] python_multipart.multipart - DEBUG - Calling on_field_end with no data
[ 2025-11-30 21:44:23,961 ] python_multipart.multipart - DEBUG - Calling on_field_start with no data
[ 2025-11-30 21:44:23,962 ] python_multipart.multipart - DEBUG - Calling on_field_name with data[70:84]
[ 2025-11-30 21:44:23,965 ] python_multipart.multipart - DEBUG - Calling on_field_data with data[85:90]
[ 2025-11-30 21:44:23,966 ] python_multipart.multipart - DEBUG - Calling on_field_end with no data
[ 2025-11-30 21:44:23,967 ] python_multipart.multipart - DEBUG - Calling on_field_start with no data
[ 2025-11-30 21:44:23,968 ] python_multipart.multipart - DEBUG - Calling on_field_name with data[91:111]
[ 2025-11-30 21:44:23,969 ] python_multipart.multipart - DEBUG - Calling on_field_data with data[112:114]
[ 2025-11-30 21:44:23,970 ] python_multipart.multipart - DEBUG - Calling on_field_end with no data
[ 2025-11-30 21:44:23,970 ] python_multipart.multipart - DEBUG - Calling on_field_start with no data
[ 2025-11-30 21:44:23,971 ] python_multipart.multipart - DEBUG - Calling on_field_name with data[115:122]
[ 2025-11-30 21:44:23,971 ] python_multipart.multipart - DEBUG - Calling on_field_data with data[123:125]
[ 2025-11-30 21:44:23,972 ] python_multipart.multipart - DEBUG - Calling on_field_end with no data
[ 2025-11-30 21:44:23,972 ] python_multipart.multipart - DEBUG - Calling on_field_start with no data
[ 2025-11-30 21:44:23,972 ] python_multipart.multipart - DEBUG - Calling on_field_name with data[126:147]
[ 2025-11-30 21:44:23,973 ] python_multipart.multipart - DEBUG - Calling on_field_data with data[148:149]
[ 2025-11-30 21:44:23,973 ] python_multipart.multipart - DEBUG - Calling on_field_end with no data
[ 2025-11-30 21:44:23,974 ] python_multipart.multipart - DEBUG - Calling on_field_start with no data
[ 2025-11-30 21:44:23,974 ] python_multipart.multipart - DEBUG - Calling on_field_name with data[150:172]
[ 2025-11-30 21:44:23,974 ] python_multipart.multipart - DEBUG - Calling on_field_data with data[173:174]
[ 2025-11-30 21:44:23,975 ] python_multipart.multipart - DEBUG - Calling on_field_end with no data
[ 2025-11-30 21:44:23,975 ] python_multipart.multipart - DEBUG - Calling on_field_start with no data
[ 2025-11-30 21:44:23,976 ] python_multipart.multipart - DEBUG - Calling on_field_name with data[175:193]
[ 2025-11-30 21:44:23,976 ] python_multipart.multipart - DEBUG - Calling on_field_data with data[194:195]
[ 2025-11-30 21:44:23,976 ] python_multipart.multipart - DEBUG - Calling on_field_end with no data
[ 2025-11-30 21:44:23,977 ] python_multipart.multipart - DEBUG - Calling on_end with no data
[ 2025-11-30 21:44:23,977 ] root - INFO - Entered get_usvisa_data_as_dict method as VehicleData class
[ 2025-11-30 21:44:23,978 ] root - INFO - Created vehicle data dict
[ 2025-11-30 21:44:23,978 ] root - INFO - Exited get_vehicle_data_as_dict method as VehicleData class
[ 2025-11-30 21:44:23,983 ] root - INFO - Entered predict method of VehicleDataClassifier class
[ 2025-11-30 21:44:23,985 ] botocore.hooks - DEBUG - Changing event name from creating-client-class.iot-data to creating-client-class.iot-data-plane
[ 2025-11-30 21:44:23,989 ] botocore.hooks - DEBUG - Changing event name from before-call.apigateway to before-call.api-gateway
[ 2025-11-30 21:44:23,991 ] botocore.hooks - DEBUG - Changing event name from request-created.machinelearning.Predict to request-created.machine-learning.Predict
[ 2025-11-30 21:44:23,994 ] botocore.hooks - DEBUG - Changing event name from before-parameter-build.autoscaling.CreateLaunchConfiguration to before-parameter-build.auto-scaling.CreateLaunchConfiguration
[ 2025-11-30 21:44:23,995 ] botocore.hooks - DEBUG - Changing event name from before-parameter-build.route53 to before-parameter-build.route-53
[ 2025-11-30 21:44:24,006 ] botocore.hooks - DEBUG - Changing event name from request-created.cloudsearchdomain.Search to request-created.cloudsearch-domain.Search
[ 2025-11-30 21:44:24,008 ] botocore.hooks - DEBUG - Changing event name from docs.*.autoscaling.CreateLaunchConfiguration.complete-section to docs.*.auto-scaling.CreateLaunchConfiguration.complete-section
[ 2025-11-30 21:44:24,018 ] botocore.hooks - DEBUG - Changing event name from before-parameter-build.logs.CreateExportTask to before-parameter-build.cloudwatch-logs.CreateExportTask
[ 2025-11-30 21:44:24,019 ] botocore.hooks - DEBUG - Changing event name from docs.*.logs.CreateExportTask.complete-section to docs.*.cloudwatch-logs.CreateExportTask.complete-section
[ 2025-11-30 21:44:24,020 ] botocore.hooks - DEBUG - Changing event name from before-parameter-build.cloudsearchdomain.Search to before-parameter-build.cloudsearch-domain.Search
[ 2025-11-30 21:44:24,021 ] botocore.hooks - DEBUG - Changing event name from docs.*.cloudsearchdomain.Search.complete-section to docs.*.cloudsearch-domain.Search.complete-section
[ 2025-11-30 21:44:24,210 ] botocore.loaders - DEBUG - Loading JSON file: C:\Users\lenovo\anaconda3\envs\vehicle\lib\site-packages\boto3\data\s3\2006-03-01\resources-1.json
[ 2025-11-30 21:44:24,219 ] botocore.loaders - DEBUG - Loading JSON file: C:\Users\lenovo\anaconda3\envs\vehicle\lib\site-packages\botocore\data\endpoints.json
[ 2025-11-30 21:44:24,351 ] botocore.loaders - DEBUG - Loading JSON file: C:\Users\lenovo\anaconda3\envs\vehicle\lib\site-packages\botocore\data\sdk-default-configuration.json
[ 2025-11-30 21:44:24,352 ] botocore.hooks - DEBUG - Event choose-service-name: calling handler <function handle_service_name_alias at 0x000001F396CD6B00>
[ 2025-11-30 21:44:24,525 ] botocore.loaders - DEBUG - Loading JSON file: C:\Users\lenovo\anaconda3\envs\vehicle\lib\site-packages\botocore\data\s3\2006-03-01\service-2.json.gz
[ 2025-11-30 21:44:24,544 ] botocore.loaders - DEBUG - Loading JSON file: C:\Users\lenovo\anaconda3\envs\vehicle\lib\site-packages\botocore\data\s3\2006-03-01\service-2.sdk-extras.json
[ 2025-11-30 21:44:24,704 ] botocore.loaders - DEBUG - Loading JSON file: C:\Users\lenovo\anaconda3\envs\vehicle\lib\site-packages\botocore\data\s3\2006-03-01\endpoint-rule-set-1.json.gz
[ 2025-11-30 21:44:24,718 ] botocore.loaders - DEBUG - Loading JSON file: C:\Users\lenovo\anaconda3\envs\vehicle\lib\site-packages\botocore\data\partitions.json
[ 2025-11-30 21:44:24,721 ] botocore.hooks - DEBUG - Event creating-client-class.s3: calling handler <function add_generate_presigned_post at 0x000001F396C617E0>
[ 2025-11-30 21:44:24,722 ] botocore.hooks - DEBUG - Event creating-client-class.s3: calling handler <function lazy_call.<locals>._handler at 0x000001F3A80A8A60>
[ 2025-11-30 21:44:24,724 ] botocore.hooks - DEBUG - Event creating-client-class.s3: calling handler <function add_generate_presigned_url at 0x000001F396C615A0>
[ 2025-11-30 21:44:24,724 ] botocore.configprovider - DEBUG - Looking for endpoint for s3 via: environment_service
[ 2025-11-30 21:44:24,725 ] botocore.configprovider - DEBUG - Looking for endpoint for s3 via: environment_global
[ 2025-11-30 21:44:24,725 ] botocore.configprovider - DEBUG - Looking for endpoint for s3 via: config_service
[ 2025-11-30 21:44:24,726 ] botocore.configprovider - DEBUG - Looking for endpoint for s3 via: config_global
[ 2025-11-30 21:44:24,726 ] botocore.configprovider - DEBUG - No configured endpoint found.
[ 2025-11-30 21:44:24,733 ] botocore.endpoint - DEBUG - Setting s3 timeout as (60, 60)
[ 2025-11-30 21:44:24,740 ] botocore.loaders - DEBUG - Loading JSON file: C:\Users\lenovo\anaconda3\envs\vehicle\lib\site-packages\botocore\data\_retry.json
[ 2025-11-30 21:44:24,741 ] botocore.client - DEBUG - Registering retry handlers for service: s3
[ 2025-11-30 21:44:24,742 ] botocore.utils - DEBUG - Registering S3 region redirector handler
[ 2025-11-30 21:44:24,743 ] botocore.utils - DEBUG - Registering S3Express Identity Resolver
[ 2025-11-30 21:44:24,744 ] boto3.resources.factory - DEBUG - Loading s3:s3
[ 2025-11-30 21:44:24,747 ] botocore.hooks - DEBUG - Event choose-service-name: calling handler <function handle_service_name_alias at 0x000001F396CD6B00>
[ 2025-11-30 21:44:24,753 ] botocore.hooks - DEBUG - Event creating-client-class.s3: calling handler <function add_generate_presigned_post at 0x000001F396C617E0>
[ 2025-11-30 21:44:24,753 ] botocore.hooks - DEBUG - Event creating-client-class.s3: calling handler <function lazy_call.<locals>._handler at 0x000001F3A80A8A60>
[ 2025-11-30 21:44:24,753 ] botocore.hooks - DEBUG - Event creating-client-class.s3: calling handler <function add_generate_presigned_url at 0x000001F396C615A0>
[ 2025-11-30 21:44:24,754 ] botocore.configprovider - DEBUG - Looking for endpoint for s3 via: environment_service
[ 2025-11-30 21:44:24,755 ] botocore.configprovider - DEBUG - Looking for endpoint for s3 via: environment_global
[ 2025-11-30 21:44:24,755 ] botocore.configprovider - DEBUG - Looking for endpoint for s3 via: config_service
[ 2025-11-30 21:44:24,756 ] botocore.configprovider - DEBUG - Looking for endpoint for s3 via: config_global
[ 2025-11-30 21:44:24,756 ] botocore.configprovider - DEBUG - No configured endpoint found.
[ 2025-11-30 21:44:24,758 ] botocore.endpoint - DEBUG - Setting s3 timeout as (60, 60)
[ 2025-11-30 21:44:24,766 ] botocore.client - DEBUG - Registering retry handlers for service: s3
[ 2025-11-30 21:44:24,767 ] botocore.utils - DEBUG - Registering S3 region redirector handler
[ 2025-11-30 21:44:24,768 ] botocore.utils - DEBUG - Registering S3Express Identity Resolver
[ 2025-11-30 21:44:24,769 ] root - INFO - Entered the get_file_object method of SimpleStorageService class
[ 2025-11-30 21:44:24,770 ] root - INFO - Entered the get_bucket method of SimpleStorageService class
[ 2025-11-30 21:44:24,770 ] boto3.resources.factory - DEBUG - Loading s3:Bucket
[ 2025-11-30 21:44:24,771 ] boto3.resources.model - DEBUG - Renaming Bucket attribute name
[ 2025-11-30 21:44:24,772 ] botocore.hooks - DEBUG - Event creating-resource-class.s3.Bucket: calling handler <function lazy_call.<locals>._handler at 0x000001F3A80A8C10>
[ 2025-11-30 21:44:24,773 ] root - INFO - Exited the get_bucket method of SimpleStorageService class
[ 2025-11-30 21:44:24,924 ] botocore.loaders - DEBUG - Loading JSON file: C:\Users\lenovo\anaconda3\envs\vehicle\lib\site-packages\botocore\data\s3\2006-03-01\paginators-1.json
[ 2025-11-30 21:44:24,926 ] botocore.loaders - DEBUG - Loading JSON file: C:\Users\lenovo\anaconda3\envs\vehicle\lib\site-packages\botocore\data\s3\2006-03-01\paginators-1.sdk-extras.json
[ 2025-11-30 21:44:24,926 ] boto3.resources.collection - DEBUG - Calling paginated s3:list_objects with {'Bucket': 'mlops-project-model-mlopsproj', 'Prefix': 'model.pkl'}
[ 2025-11-30 21:44:24,928 ] botocore.hooks - DEBUG - Event before-parameter-build.s3.ListObjects: calling handler <function set_list_objects_encoding_type_url at 0x000001F396CF5630>
[ 2025-11-30 21:44:24,928 ] botocore.hooks - DEBUG - Event before-parameter-build.s3.ListObjects: calling handler <function validate_bucket_name at 0x000001F396CF43A0>
[ 2025-11-30 21:44:24,933 ] botocore.hooks - DEBUG - Event before-parameter-build.s3.ListObjects: calling handler <function remove_bucket_from_url_paths_from_model at 0x000001F396CF6320>
[ 2025-11-30 21:44:24,933 ] botocore.hooks - DEBUG - Event before-parameter-build.s3.ListObjects: calling handler <bound method S3RegionRedirectorv2.annotate_request_context of <botocore.utils.S3RegionRedirectorv2 object at 0x000001F3A9D29930>>
[ 2025-11-30 21:44:24,934 ] botocore.hooks - DEBUG - Event before-parameter-build.s3.ListObjects: calling handler <bound method ClientCreator._inject_s3_input_parameters of <botocore.client.ClientCreator object at 0x000001F3A80FC490>>
[ 2025-11-30 21:44:24,934 ] botocore.hooks - DEBUG - Event before-parameter-build.s3.ListObjects: calling handler <function generate_idempotent_uuid at 0x000001F396CF41F0>
[ 2025-11-30 21:44:24,934 ] botocore.hooks - DEBUG - Event before-parameter-build.s3.ListObjects: calling handler <function _handle_request_validation_mode_member at 0x000001F396CF6950>
[ 2025-11-30 21:44:24,935 ] botocore.hooks - DEBUG - Event before-endpoint-resolution.s3: calling handler <function customize_endpoint_resolver_builtins at 0x000001F396CF64D0>
[ 2025-11-30 21:44:24,935 ] botocore.hooks - DEBUG - Event before-endpoint-resolution.s3: calling handler <bound method S3RegionRedirectorv2.redirect_from_cache of <botocore.utils.S3RegionRedirectorv2 object at 0x000001F3A9D29930>>
[ 2025-11-30 21:44:24,936 ] botocore.regions - DEBUG - Calling endpoint provider with parameters: {'Bucket': 'mlops-project-model-mlopsproj', 'Region': 'us-east-1', 'UseFIPS': False, 'UseDualStack': False, 'ForcePathStyle': False, 'Accelerate': False, 'UseGlobalEndpoint': True, 'Prefix': 'model.pkl', 'DisableMultiRegionAccessPoints': False, 'UseArnRegion': True}
[ 2025-11-30 21:44:24,938 ] botocore.regions - DEBUG - Endpoint provider result: https://mlops-project-model-mlopsproj.s3.amazonaws.com
[ 2025-11-30 21:44:24,938 ] botocore.regions - DEBUG - Selecting from endpoint provider's list of auth schemes: "sigv4". User selected auth scheme is: "None"
[ 2025-11-30 21:44:24,939 ] botocore.regions - DEBUG - Selected auth type "v4" as "v4" with signing context params: {'region': 'us-east-1', 'signing_name': 's3', 'disableDoubleEncoding': True}
[ 2025-11-30 21:44:24,940 ] botocore.hooks - DEBUG - Event before-call.s3.ListObjects: calling handler <function add_expect_header at 0x000001F396CF4700>
[ 2025-11-30 21:44:24,940 ] botocore.hooks - DEBUG - Event before-call.s3.ListObjects: calling handler <bound method S3ExpressIdentityResolver.apply_signing_cache_key of <botocore.utils.S3ExpressIdentityResolver object at 0x000001F3A9D299C0>>
[ 2025-11-30 21:44:24,940 ] botocore.hooks - DEBUG - Event before-call.s3.ListObjects: calling handler <function add_recursion_detection_header at 0x000001F396CD7D00>
[ 2025-11-30 21:44:24,941 ] botocore.hooks - DEBUG - Event before-call.s3.ListObjects: calling handler <function inject_api_version_header_if_needed at 0x000001F396CF5A20>
[ 2025-11-30 21:44:24,941 ] botocore.endpoint - DEBUG - Making request for OperationModel(name=ListObjects) with params: {'url_path': '', 'query_string': {'prefix': 'model.pkl', 'encoding-type': 'url'}, 'method': 'GET', 'headers': {'User-Agent': 'Boto3/1.41.5 md/Botocore#1.41.5 ua/2.1 os/windows#10 md/arch#amd64 lang/python#3.10.19 md/pyimpl#CPython m/C,e,D,Z,b cfg/retry-mode#legacy Botocore/1.41.5 Resource'}, 'body': b'', 'auth_path': '/mlops-project-model-mlopsproj/', 'url': 'https://mlops-project-model-mlopsproj.s3.amazonaws.com/?prefix=model.pkl&encoding-type=url', 'context': {'client_region': 'us-east-1', 'client_config': <botocore.config.Config object at 0x000001F3A9CCF1C0>, 'has_streaming_input': False, 'auth_type': 'v4', 'unsigned_payload': None, 'auth_options': ['aws.auth#sigv4'], 'encoding_type_auto_set': True, 's3_redirect': {'redirected': False, 'bucket': 'mlops-project-model-mlopsproj', 'params': {'Bucket': 'mlops-project-model-mlopsproj', 'Prefix': 'model.pkl', 'EncodingType': 'url'}}, 'input_params': {'Bucket': 'mlops-project-model-mlopsproj', 'Prefix': 'model.pkl'}, 'signing': {'region': 'us-east-1', 'signing_name': 's3', 'disableDoubleEncoding': True}, 'endpoint_properties': {'authSchemes': [{'disableDoubleEncoding': True, 'name': 'sigv4', 'signingName': 's3', 'signingRegion': 'us-east-1'}]}}}
[ 2025-11-30 21:44:24,942 ] botocore.hooks - DEBUG - Event request-created.s3.ListObjects: calling handler <bound method RequestSigner.handler of <botocore.signers.RequestSigner object at 0x000001F3A9CCF0A0>>
[ 2025-11-30 21:44:24,942 ] botocore.hooks - DEBUG - Event choose-signer.s3.ListObjects: calling handler <bound method ClientCreator._default_s3_presign_to_sigv2 of <botocore.client.ClientCreator object at 0x000001F3A80FC490>>
[ 2025-11-30 21:44:24,943 ] botocore.hooks - DEBUG - Event choose-signer.s3.ListObjects: calling handler <function set_operation_specific_signer at 0x000001F396CD7F40>
[ 2025-11-30 21:44:24,943 ] botocore.hooks - DEBUG - Event before-sign.s3.ListObjects: calling handler <function remove_arn_from_signing_path at 0x000001F396CF6440>
[ 2025-11-30 21:44:24,943 ] botocore.hooks - DEBUG - Event before-sign.s3.ListObjects: calling handler <function _set_extra_headers_for_unsigned_request at 0x000001F396CF69E0>
[ 2025-11-30 21:44:24,944 ] botocore.hooks - DEBUG - Event before-sign.s3.ListObjects: calling handler <bound method S3ExpressIdentityResolver.resolve_s3express_identity of <botocore.utils.S3ExpressIdentityResolver object at 0x000001F3A9D299C0>>
[ 2025-11-30 21:44:24,945 ] botocore.auth - DEBUG - Calculating signature using v4 auth.
[ 2025-11-30 21:44:24,948 ] botocore.auth - DEBUG - CanonicalRequest:
GET
/
encoding-type=url&prefix=model.pkl
host:mlops-project-model-mlopsproj.s3.amazonaws.com
x-amz-content-sha256:e3b0c44298fc1c149afbf4c8996fb92427ae41e4649b934ca495991b7852b855
x-amz-date:20251130T161424Z

host;x-amz-content-sha256;x-amz-date
e3b0c44298fc1c149afbf4c8996fb92427ae41e4649b934ca495991b7852b855
[ 2025-11-30 21:44:24,949 ] botocore.auth - DEBUG - StringToSign:
AWS4-HMAC-SHA256
20251130T161424Z
20251130/us-east-1/s3/aws4_request
f092b9b525387a38ca6825b23339fa8b5f5f2265ce7712dc4eb6f6e49957446a
[ 2025-11-30 21:44:24,951 ] botocore.auth - DEBUG - Signature:
573832e2af2b481dffbe03a0dcc0aac8a749d5f03e4c42fea81ee4457744ddf8
[ 2025-11-30 21:44:24,951 ] botocore.hooks - DEBUG - Event request-created.s3.ListObjects: calling handler <bound method UserAgentString.rebuild_and_replace_user_agent_handler of <botocore.useragent.UserAgentString object at 0x000001F3A9D29330>>
[ 2025-11-30 21:44:24,952 ] botocore.hooks - DEBUG - Event request-created.s3.ListObjects: calling handler <function add_retry_headers at 0x000001F396CF6290>
[ 2025-11-30 21:44:24,952 ] botocore.endpoint - DEBUG - Sending http request: <AWSPreparedRequest stream_output=False, method=GET, url=https://mlops-project-model-mlopsproj.s3.amazonaws.com/?prefix=model.pkl&encoding-type=url, headers={'User-Agent': b'Boto3/1.41.5 md/Botocore#1.41.5 ua/2.1 os/windows#10 md/arch#amd64 lang/python#3.10.19 md/pyimpl#CPython m/C,e,D,Z,b cfg/retry-mode#legacy Botocore/1.41.5 Resource', 'X-Amz-Date': b'20251130T161424Z', 'X-Amz-Content-SHA256': b'e3b0c44298fc1c149afbf4c8996fb92427ae41e4649b934ca495991b7852b855', 'Authorization': b'AWS4-HMAC-SHA256 Credential=AKIAWHJLEBKVGLGJJVPR/20251130/us-east-1/s3/aws4_request, SignedHeaders=host;x-amz-content-sha256;x-amz-date, Signature=573832e2af2b481dffbe03a0dcc0aac8a749d5f03e4c42fea81ee4457744ddf8', 'amz-sdk-invocation-id': b'422e7332-21bc-406f-ba3a-5d01077df45b', 'amz-sdk-request': b'attempt=1'}>
[ 2025-11-30 21:44:24,955 ] botocore.httpsession - DEBUG - Certificate path: C:\Users\lenovo\anaconda3\envs\vehicle\lib\site-packages\certifi\cacert.pem
[ 2025-11-30 21:44:24,956 ] urllib3.connectionpool - DEBUG - Starting new HTTPS connection (1): mlops-project-model-mlopsproj.s3.amazonaws.com:443
[ 2025-11-30 21:44:27,637 ] urllib3.connectionpool - DEBUG - https://mlops-project-model-mlopsproj.s3.amazonaws.com:443 "GET /?prefix=model.pkl&encoding-type=url HTTP/1.1" 200 None
[ 2025-11-30 21:44:27,640 ] botocore.hooks - DEBUG - Event before-parse.s3.ListObjects: calling handler <function _handle_200_error at 0x000001F396CF67A0>
[ 2025-11-30 21:44:27,642 ] botocore.hooks - DEBUG - Event before-parse.s3.ListObjects: calling handler <function handle_expires_header at 0x000001F396CF65F0>
[ 2025-11-30 21:44:27,644 ] botocore.parsers - DEBUG - Response headers: {'x-amz-id-2': 'vZ3Sfnx6j37tQTUa243d0HxD+tUG7y9b2n4GP9BF8zP30eNLwLq39rwUEIVfr8+FH65as9ltvvM4tQrnrhnQTVuQYcmfRekN', 'x-amz-request-id': 'PJPX263EYSA0QNEF', 'Date': 'Sun, 30 Nov 2025 16:14:27 GMT', 'x-amz-bucket-region': 'us-east-1', 'Content-Type': 'application/xml', 'Transfer-Encoding': 'chunked', 'Server': 'AmazonS3'}
[ 2025-11-30 21:44:27,647 ] botocore.parsers - DEBUG - Response body:
b'<?xml version="1.0" encoding="UTF-8"?>\n<ListBucketResult xmlns="http://s3.amazonaws.com/doc/2006-03-01/"><Name>mlops-project-model-mlopsproj</Name><Prefix>model.pkl</Prefix><Marker></Marker><MaxKeys>1000</MaxKeys><EncodingType>url</EncodingType><IsTruncated>false</IsTruncated><Contents><Key>model.pkl</Key><LastModified>2025-11-30T14:41:51.000Z</LastModified><ETag>&quot;d6211438adbdbc99b18be97364082755-2&quot;</ETag><ChecksumAlgorithm>CRC32</ChecksumAlgorithm><ChecksumType>COMPOSITE</ChecksumType><Size>9723767</Size><Owner><ID>0e94cedde2c5ed84b5126c143e4005e90cd34662e5d1a9ab023246f93f880777</ID></Owner><StorageClass>STANDARD</StorageClass></Contents></ListBucketResult>'
[ 2025-11-30 21:44:27,653 ] botocore.hooks - DEBUG - Event needs-retry.s3.ListObjects: calling handler <function _update_status_code at 0x000001F396CF68C0>
[ 2025-11-30 21:44:27,654 ] botocore.hooks - DEBUG - Event needs-retry.s3.ListObjects: calling handler <botocore.retryhandler.RetryHandler object at 0x000001F3A9D29870>
[ 2025-11-30 21:44:27,655 ] botocore.retryhandler - DEBUG - No retry needed.
[ 2025-11-30 21:44:27,656 ] botocore.hooks - DEBUG - Event needs-retry.s3.ListObjects: calling handler <bound method S3RegionRedirectorv2.redirect_from_error of <botocore.utils.S3RegionRedirectorv2 object at 0x000001F3A9D29930>>
[ 2025-11-30 21:44:27,658 ] botocore.hooks - DEBUG - Event after-call.s3.ListObjects: calling handler <function decode_list_object at 0x000001F396CF56C0>
[ 2025-11-30 21:44:27,660 ] boto3.resources.factory - DEBUG - Loading s3:ObjectSummary
[ 2025-11-30 21:44:27,664 ] boto3.resources.model - DEBUG - Renaming ObjectSummary attribute key
[ 2025-11-30 21:44:27,668 ] botocore.hooks - DEBUG - Event creating-resource-class.s3.ObjectSummary: calling handler <function lazy_call.<locals>._handler at 0x000001F3A80A8D30>
[ 2025-11-30 21:44:27,670 ] root - INFO - Exited the get_file_object method of SimpleStorageService class
[ 2025-11-30 21:44:27,671 ] root - INFO - Reading S3 object content.
[ 2025-11-30 21:44:27,672 ] boto3.resources.action - DEBUG - Calling s3:get_object with {'Bucket': 'mlops-project-model-mlopsproj', 'Key': 'model.pkl'}
[ 2025-11-30 21:44:27,673 ] botocore.hooks - DEBUG - Event before-parameter-build.s3.GetObject: calling handler <function sse_md5 at 0x000001F396CF4430>
[ 2025-11-30 21:44:27,673 ] botocore.hooks - DEBUG - Event before-parameter-build.s3.GetObject: calling handler <function validate_bucket_name at 0x000001F396CF43A0>
[ 2025-11-30 21:44:27,674 ] botocore.hooks - DEBUG - Event before-parameter-build.s3.GetObject: calling handler <function remove_bucket_from_url_paths_from_model at 0x000001F396CF6320>
[ 2025-11-30 21:44:27,675 ] botocore.hooks - DEBUG - Event before-parameter-build.s3.GetObject: calling handler <bound method S3RegionRedirectorv2.annotate_request_context of <botocore.utils.S3RegionRedirectorv2 object at 0x000001F3A9D29930>>
[ 2025-11-30 21:44:27,675 ] botocore.hooks - DEBUG - Event before-parameter-build.s3.GetObject: calling handler <bound method ClientCreator._inject_s3_input_parameters of <botocore.client.ClientCreator object at 0x000001F3A80FC490>>
[ 2025-11-30 21:44:27,679 ] botocore.hooks - DEBUG - Event before-parameter-build.s3.GetObject: calling handler <function generate_idempotent_uuid at 0x000001F396CF41F0>
[ 2025-11-30 21:44:27,680 ] botocore.hooks - DEBUG - Event before-parameter-build.s3.GetObject: calling handler <function _handle_request_validation_mode_member at 0x000001F396CF6950>
[ 2025-11-30 21:44:27,681 ] botocore.hooks - DEBUG - Event before-endpoint-resolution.s3: calling handler <function customize_endpoint_resolver_builtins at 0x000001F396CF64D0>
[ 2025-11-30 21:44:27,681 ] botocore.hooks - DEBUG - Event before-endpoint-resolution.s3: calling handler <bound method S3RegionRedirectorv2.redirect_from_cache of <botocore.utils.S3RegionRedirectorv2 object at 0x000001F3A9D29930>>
[ 2025-11-30 21:44:27,682 ] botocore.regions - DEBUG - Calling endpoint provider with parameters: {'Bucket': 'mlops-project-model-mlopsproj', 'Region': 'us-east-1', 'UseFIPS': False, 'UseDualStack': False, 'ForcePathStyle': False, 'Accelerate': False, 'UseGlobalEndpoint': True, 'Key': 'model.pkl', 'DisableMultiRegionAccessPoints': False, 'UseArnRegion': True}
[ 2025-11-30 21:44:27,683 ] botocore.regions - DEBUG - Endpoint provider result: https://mlops-project-model-mlopsproj.s3.amazonaws.com
[ 2025-11-30 21:44:27,684 ] botocore.regions - DEBUG - Selecting from endpoint provider's list of auth schemes: "sigv4". User selected auth scheme is: "None"
[ 2025-11-30 21:44:27,684 ] botocore.regions - DEBUG - Selected auth type "v4" as "v4" with signing context params: {'region': 'us-east-1', 'signing_name': 's3', 'disableDoubleEncoding': True}
[ 2025-11-30 21:44:27,686 ] botocore.hooks - DEBUG - Event before-call.s3.GetObject: calling handler <function add_expect_header at 0x000001F396CF4700>
[ 2025-11-30 21:44:27,687 ] botocore.hooks - DEBUG - Event before-call.s3.GetObject: calling handler <bound method S3ExpressIdentityResolver.apply_signing_cache_key of <botocore.utils.S3ExpressIdentityResolver object at 0x000001F3A9D299C0>>
[ 2025-11-30 21:44:27,687 ] botocore.hooks - DEBUG - Event before-call.s3.GetObject: calling handler <function add_recursion_detection_header at 0x000001F396CD7D00>
[ 2025-11-30 21:44:27,688 ] botocore.hooks - DEBUG - Event before-call.s3.GetObject: calling handler <function inject_api_version_header_if_needed at 0x000001F396CF5A20>
[ 2025-11-30 21:44:27,688 ] botocore.endpoint - DEBUG - Making request for OperationModel(name=GetObject) with params: {'url_path': '/model.pkl', 'query_string': {}, 'method': 'GET', 'headers': {'x-amz-checksum-mode': 'ENABLED', 'User-Agent': 'Boto3/1.41.5 md/Botocore#1.41.5 ua/2.1 os/windows#10 md/arch#amd64 lang/python#3.10.19 md/pyimpl#CPython m/b,D,Z,e cfg/retry-mode#legacy Botocore/1.41.5 Resource'}, 'body': b'', 'auth_path': '/mlops-project-model-mlopsproj/model.pkl', 'url': 'https://mlops-project-model-mlopsproj.s3.amazonaws.com/model.pkl', 'context': {'client_region': 'us-east-1', 'client_config': <botocore.config.Config object at 0x000001F3A9CCF1C0>, 'has_streaming_input': False, 'auth_type': 'v4', 'unsigned_payload': None, 'auth_options': ['aws.auth#sigv4'], 's3_redirect': {'redirected': False, 'bucket': 'mlops-project-model-mlopsproj', 'params': {'Bucket': 'mlops-project-model-mlopsproj', 'Key': 'model.pkl', 'ChecksumMode': 'ENABLED'}}, 'input_params': {'Bucket': 'mlops-project-model-mlopsproj', 'Key': 'model.pkl'}, 'signing': {'region': 'us-east-1', 'signing_name': 's3', 'disableDoubleEncoding': True}, 'endpoint_properties': {'authSchemes': [{'disableDoubleEncoding': True, 'name': 'sigv4', 'signingName': 's3', 'signingRegion': 'us-east-1'}]}, 'checksum': {'response_algorithms': ['crc32', 'sha1', 'sha256']}}}
[ 2025-11-30 21:44:27,689 ] botocore.hooks - DEBUG - Event request-created.s3.GetObject: calling handler <bound method RequestSigner.handler of <botocore.signers.RequestSigner object at 0x000001F3A9CCF0A0>>
[ 2025-11-30 21:44:27,690 ] botocore.hooks - DEBUG - Event choose-signer.s3.GetObject: calling handler <bound method ClientCreator._default_s3_presign_to_sigv2 of <botocore.client.ClientCreator object at 0x000001F3A80FC490>>
[ 2025-11-30 21:44:27,690 ] botocore.hooks - DEBUG - Event choose-signer.s3.GetObject: calling handler <function set_operation_specific_signer at 0x000001F396CD7F40>
[ 2025-11-30 21:44:27,690 ] botocore.hooks - DEBUG - Event before-sign.s3.GetObject: calling handler <function remove_arn_from_signing_path at 0x000001F396CF6440>
[ 2025-11-30 21:44:27,691 ] botocore.hooks - DEBUG - Event before-sign.s3.GetObject: calling handler <function _set_extra_headers_for_unsigned_request at 0x000001F396CF69E0>
[ 2025-11-30 21:44:27,691 ] botocore.hooks - DEBUG - Event before-sign.s3.GetObject: calling handler <bound method S3ExpressIdentityResolver.resolve_s3express_identity of <botocore.utils.S3ExpressIdentityResolver object at 0x000001F3A9D299C0>>
[ 2025-11-30 21:44:27,693 ] botocore.auth - DEBUG - Calculating signature using v4 auth.
[ 2025-11-30 21:44:27,695 ] botocore.auth - DEBUG - CanonicalRequest:
GET
/model.pkl

host:mlops-project-model-mlopsproj.s3.amazonaws.com
x-amz-checksum-mode:ENABLED
x-amz-content-sha256:e3b0c44298fc1c149afbf4c8996fb92427ae41e4649b934ca495991b7852b855
x-amz-date:20251130T161427Z

host;x-amz-checksum-mode;x-amz-content-sha256;x-amz-date
e3b0c44298fc1c149afbf4c8996fb92427ae41e4649b934ca495991b7852b855
[ 2025-11-30 21:44:27,696 ] botocore.auth - DEBUG - StringToSign:
AWS4-HMAC-SHA256
20251130T161427Z
20251130/us-east-1/s3/aws4_request
f555f0334827c26b535c9765f02280b5b60388d612729266a42232d3e22994db
[ 2025-11-30 21:44:27,700 ] botocore.auth - DEBUG - Signature:
bffa943f6693bc8e71c9438c82aba0d648789bfedc1e49c86923d17aa712fbbd
[ 2025-11-30 21:44:27,701 ] botocore.hooks - DEBUG - Event request-created.s3.GetObject: calling handler <bound method UserAgentString.rebuild_and_replace_user_agent_handler of <botocore.useragent.UserAgentString object at 0x000001F3A9D29330>>
[ 2025-11-30 21:44:27,702 ] botocore.hooks - DEBUG - Event request-created.s3.GetObject: calling handler <function add_retry_headers at 0x000001F396CF6290>
[ 2025-11-30 21:44:27,703 ] botocore.endpoint - DEBUG - Sending http request: <AWSPreparedRequest stream_output=True, method=GET, url=https://mlops-project-model-mlopsproj.s3.amazonaws.com/model.pkl, headers={'x-amz-checksum-mode': b'ENABLED', 'User-Agent': b'Boto3/1.41.5 md/Botocore#1.41.5 ua/2.1 os/windows#10 md/arch#amd64 lang/python#3.10.19 md/pyimpl#CPython m/b,D,Z,e cfg/retry-mode#legacy Botocore/1.41.5 Resource', 'X-Amz-Date': b'20251130T161427Z', 'X-Amz-Content-SHA256': b'e3b0c44298fc1c149afbf4c8996fb92427ae41e4649b934ca495991b7852b855', 'Authorization': b'AWS4-HMAC-SHA256 Credential=AKIAWHJLEBKVGLGJJVPR/20251130/us-east-1/s3/aws4_request, SignedHeaders=host;x-amz-checksum-mode;x-amz-content-sha256;x-amz-date, Signature=bffa943f6693bc8e71c9438c82aba0d648789bfedc1e49c86923d17aa712fbbd', 'amz-sdk-invocation-id': b'f43e0be3-3fa6-4d47-9afb-3a846924ba32', 'amz-sdk-request': b'attempt=1'}>
[ 2025-11-30 21:44:27,704 ] botocore.httpsession - DEBUG - Certificate path: C:\Users\lenovo\anaconda3\envs\vehicle\lib\site-packages\certifi\cacert.pem
[ 2025-11-30 21:44:28,020 ] urllib3.connectionpool - DEBUG - https://mlops-project-model-mlopsproj.s3.amazonaws.com:443 "GET /model.pkl HTTP/1.1" 200 9723767
[ 2025-11-30 21:44:28,022 ] botocore.httpchecksum - DEBUG - Skipping checksum validation. Response did not contain one of the following algorithms: ['crc32', 'sha1', 'sha256'].
[ 2025-11-30 21:44:28,023 ] botocore.hooks - DEBUG - Event before-parse.s3.GetObject: calling handler <function _handle_200_error at 0x000001F396CF67A0>
[ 2025-11-30 21:44:28,024 ] botocore.hooks - DEBUG - Event before-parse.s3.GetObject: calling handler <function handle_expires_header at 0x000001F396CF65F0>
[ 2025-11-30 21:44:28,027 ] botocore.parsers - DEBUG - Response headers: {'x-amz-id-2': 'u990BW+OPALpisdhV9o1UXQiqkjvh1F/BU83Cr76HQkkrMYqYfnInprs+weQGvi38U8XfXp6l78YWVJ4WSCV1CYSViRjJYxv', 'x-amz-request-id': '8SXG0HZ145P7DRXA', 'Date': 'Sun, 30 Nov 2025 16:14:28 GMT', 'Last-Modified': 'Sun, 30 Nov 2025 14:41:51 GMT', 'ETag': '"d6211438adbdbc99b18be97364082755-2"', 'x-amz-checksum-crc32': 'ooxlvw==-2', 'x-amz-checksum-type': 'COMPOSITE', 'x-amz-server-side-encryption': 'AES256', 'Accept-Ranges': 'bytes', 'Content-Type': 'binary/octet-stream', 'Content-Length': '9723767', 'Server': 'AmazonS3'}
[ 2025-11-30 21:44:28,030 ] botocore.parsers - DEBUG - Response body:
<botocore.response.StreamingBody object at 0x000001F3A9E1D780>
[ 2025-11-30 21:44:28,037 ] botocore.hooks - DEBUG - Event needs-retry.s3.GetObject: calling handler <function _update_status_code at 0x000001F396CF68C0>
[ 2025-11-30 21:44:28,038 ] botocore.hooks - DEBUG - Event needs-retry.s3.GetObject: calling handler <botocore.retryhandler.RetryHandler object at 0x000001F3A9D29870>
[ 2025-11-30 21:44:28,039 ] botocore.retryhandler - DEBUG - No retry needed.
[ 2025-11-30 21:44:28,040 ] botocore.hooks - DEBUG - Event needs-retry.s3.GetObject: calling handler <bound method S3RegionRedirectorv2.redirect_from_error of <botocore.utils.S3RegionRedirectorv2 object at 0x000001F3A9D29930>>
[ 2025-11-30 21:44:28,043 ] boto3.resources.action - DEBUG - Response: {'ResponseMetadata': {'RequestId': '8SXG0HZ145P7DRXA', 'HostId': 'u990BW+OPALpisdhV9o1UXQiqkjvh1F/BU83Cr76HQkkrMYqYfnInprs+weQGvi38U8XfXp6l78YWVJ4WSCV1CYSViRjJYxv', 'HTTPStatusCode': 200, 'HTTPHeaders': {'x-amz-id-2': 'u990BW+OPALpisdhV9o1UXQiqkjvh1F/BU83Cr76HQkkrMYqYfnInprs+weQGvi38U8XfXp6l78YWVJ4WSCV1CYSViRjJYxv', 'x-amz-request-id': '8SXG0HZ145P7DRXA', 'date': 'Sun, 30 Nov 2025 16:14:28 GMT', 'last-modified': 'Sun, 30 Nov 2025 14:41:51 GMT', 'etag': '"d6211438adbdbc99b18be97364082755-2"', 'x-amz-checksum-crc32': 'ooxlvw==-2', 'x-amz-checksum-type': 'COMPOSITE', 'x-amz-server-side-encryption': 'AES256', 'accept-ranges': 'bytes', 'content-type': 'binary/octet-stream', 'content-length': '9723767', 'server': 'AmazonS3'}, 'RetryAttempts': 0}, 'AcceptRanges': 'bytes', 'LastModified': datetime.datetime(2025, 11, 30, 14, 41, 51, tzinfo=tzutc()), 'ContentLength': 9723767, 'ETag': '"d6211438adbdbc99b18be97364082755-2"', 'ChecksumCRC32': 'ooxlvw==-2', 'ChecksumType': 'COMPOSITE', 'ContentType': 'binary/octet-stream', 'ServerSideEncryption': 'AES256', 'Metadata': {}, 'Body': <botocore.response.StreamingBody object at 0x000001F3A9E1D780>}
[ 2025-11-30 21:44:39,388 ] root - INFO - Production model loaded from S3 bucket.
[ 2025-11-30 21:44:39,390 ] root - INFO - Transforming input features and making predictions.
